Performing C SOURCE FILE Test HAVE_GCC_PREFERRED_STACK_BOUNDARY failed with the following output:
Change Dir: /home/michal/Coding/IZG/izgProject/build/CMakeFiles/CMakeTmp

Run Build Command(s):/usr/bin/gmake -f Makefile cmTC_627a7/fast && /usr/bin/gmake  -f CMakeFiles/cmTC_627a7.dir/build.make CMakeFiles/cmTC_627a7.dir/build
gmake[1]: Entering directory '/home/michal/Coding/IZG/izgProject/build/CMakeFiles/CMakeTmp'
Building C object CMakeFiles/cmTC_627a7.dir/src.c.o
/usr/bin/cc -DHAVE_GCC_PREFERRED_STACK_BOUNDARY  -idirafter "/home/michal/Coding/IZG/izgProject/libs/SDL-release-2.26.3/src/video/khronos" -mpreferred-stack-boundary=2 -std=gnu99 -o CMakeFiles/cmTC_627a7.dir/src.c.o -c /home/michal/Coding/IZG/izgProject/build/CMakeFiles/CMakeTmp/src.c
cc1: error: ‘-mpreferred-stack-boundary=2’ is not between 3 and 12
gmake[1]: *** [CMakeFiles/cmTC_627a7.dir/build.make:78: CMakeFiles/cmTC_627a7.dir/src.c.o] Error 1
gmake[1]: Leaving directory '/home/michal/Coding/IZG/izgProject/build/CMakeFiles/CMakeTmp'
gmake: *** [Makefile:127: cmTC_627a7/fast] Error 2


Source file was:
int x = 0; int main(int argc, char **argv) { return 0; }
Performing C SOURCE FILE Test HAVE_ALTIVEC_H_HDR failed with the following output:
Change Dir: /home/michal/Coding/IZG/izgProject/build/CMakeFiles/CMakeTmp

Run Build Command(s):/usr/bin/gmake -f Makefile cmTC_c1cb2/fast && /usr/bin/gmake  -f CMakeFiles/cmTC_c1cb2.dir/build.make CMakeFiles/cmTC_c1cb2.dir/build
gmake[1]: Entering directory '/home/michal/Coding/IZG/izgProject/build/CMakeFiles/CMakeTmp'
Building C object CMakeFiles/cmTC_c1cb2.dir/src.c.o
/usr/bin/cc -DHAVE_ALTIVEC_H_HDR  -idirafter "/home/michal/Coding/IZG/izgProject/libs/SDL-release-2.26.3/src/video/khronos" -maltivec -std=gnu99 -o CMakeFiles/cmTC_c1cb2.dir/src.c.o -c /home/michal/Coding/IZG/izgProject/build/CMakeFiles/CMakeTmp/src.c
cc: error: unrecognized command-line option ‘-maltivec’
gmake[1]: *** [CMakeFiles/cmTC_c1cb2.dir/build.make:78: CMakeFiles/cmTC_c1cb2.dir/src.c.o] Error 1
gmake[1]: Leaving directory '/home/michal/Coding/IZG/izgProject/build/CMakeFiles/CMakeTmp'
gmake: *** [Makefile:127: cmTC_c1cb2/fast] Error 2


Source file was:

          #include <altivec.h>
          vector unsigned int vzero() {
              return vec_splat_u32(0);
          }
          int main(int argc, char **argv) { return 0; }
Performing C SOURCE FILE Test HAVE_ALTIVEC failed with the following output:
Change Dir: /home/michal/Coding/IZG/izgProject/build/CMakeFiles/CMakeTmp

Run Build Command(s):/usr/bin/gmake -f Makefile cmTC_23eea/fast && /usr/bin/gmake  -f CMakeFiles/cmTC_23eea.dir/build.make CMakeFiles/cmTC_23eea.dir/build
gmake[1]: Entering directory '/home/michal/Coding/IZG/izgProject/build/CMakeFiles/CMakeTmp'
Building C object CMakeFiles/cmTC_23eea.dir/src.c.o
/usr/bin/cc -DHAVE_ALTIVEC  -idirafter "/home/michal/Coding/IZG/izgProject/libs/SDL-release-2.26.3/src/video/khronos" -maltivec -std=gnu99 -o CMakeFiles/cmTC_23eea.dir/src.c.o -c /home/michal/Coding/IZG/izgProject/build/CMakeFiles/CMakeTmp/src.c
cc: error: unrecognized command-line option ‘-maltivec’
gmake[1]: *** [CMakeFiles/cmTC_23eea.dir/build.make:78: CMakeFiles/cmTC_23eea.dir/src.c.o] Error 1
gmake[1]: Leaving directory '/home/michal/Coding/IZG/izgProject/build/CMakeFiles/CMakeTmp'
gmake: *** [Makefile:127: cmTC_23eea/fast] Error 2


Source file was:

          vector unsigned int vzero() {
              return vec_splat_u32(0);
          }
          int main(int argc, char **argv) { return 0; }
Determining if the include file libunwind.h exists failed with the following output:
Change Dir: /home/michal/Coding/IZG/izgProject/build/CMakeFiles/CMakeTmp

Run Build Command(s):/usr/bin/gmake -f Makefile cmTC_c9b63/fast && /usr/bin/gmake  -f CMakeFiles/cmTC_c9b63.dir/build.make CMakeFiles/cmTC_c9b63.dir/build
gmake[1]: Entering directory '/home/michal/Coding/IZG/izgProject/build/CMakeFiles/CMakeTmp'
Building C object CMakeFiles/cmTC_c9b63.dir/CheckIncludeFile.c.o
/usr/bin/cc   -idirafter "/home/michal/Coding/IZG/izgProject/libs/SDL-release-2.26.3/src/video/khronos"  -D_GNU_SOURCE=1 -o CMakeFiles/cmTC_c9b63.dir/CheckIncludeFile.c.o -c /home/michal/Coding/IZG/izgProject/build/CMakeFiles/CMakeTmp/CheckIncludeFile.c
/home/michal/Coding/IZG/izgProject/build/CMakeFiles/CMakeTmp/CheckIncludeFile.c:1:10: fatal error: libunwind.h: No such file or directory
    1 | #include <libunwind.h>
      |          ^~~~~~~~~~~~~
compilation terminated.
gmake[1]: *** [CMakeFiles/cmTC_c9b63.dir/build.make:78: CMakeFiles/cmTC_c9b63.dir/CheckIncludeFile.c.o] Error 1
gmake[1]: Leaving directory '/home/michal/Coding/IZG/izgProject/build/CMakeFiles/CMakeTmp'
gmake: *** [Makefile:127: cmTC_c9b63/fast] Error 2



Determining if the strlcpy exist failed with the following output:
Change Dir: /home/michal/Coding/IZG/izgProject/build/CMakeFiles/CMakeTmp

Run Build Command(s):/usr/bin/gmake -f Makefile cmTC_a5f8b/fast && /usr/bin/gmake  -f CMakeFiles/cmTC_a5f8b.dir/build.make CMakeFiles/cmTC_a5f8b.dir/build
gmake[1]: Entering directory '/home/michal/Coding/IZG/izgProject/build/CMakeFiles/CMakeTmp'
Building C object CMakeFiles/cmTC_a5f8b.dir/CheckSymbolExists.c.o
/usr/bin/cc   -idirafter "/home/michal/Coding/IZG/izgProject/libs/SDL-release-2.26.3/src/video/khronos"  -D_GNU_SOURCE=1 -o CMakeFiles/cmTC_a5f8b.dir/CheckSymbolExists.c.o -c /home/michal/Coding/IZG/izgProject/build/CMakeFiles/CMakeTmp/CheckSymbolExists.c
/home/michal/Coding/IZG/izgProject/build/CMakeFiles/CMakeTmp/CheckSymbolExists.c: In function ‘main’:
/home/michal/Coding/IZG/izgProject/build/CMakeFiles/CMakeTmp/CheckSymbolExists.c:14:19: error: ‘strlcpy’ undeclared (first use in this function); did you mean ‘strncpy’?
   14 |   return ((int*)(&strlcpy))[argc];
      |                   ^~~~~~~
      |                   strncpy
/home/michal/Coding/IZG/izgProject/build/CMakeFiles/CMakeTmp/CheckSymbolExists.c:14:19: note: each undeclared identifier is reported only once for each function it appears in
gmake[1]: *** [CMakeFiles/cmTC_a5f8b.dir/build.make:78: CMakeFiles/cmTC_a5f8b.dir/CheckSymbolExists.c.o] Error 1
gmake[1]: Leaving directory '/home/michal/Coding/IZG/izgProject/build/CMakeFiles/CMakeTmp'
gmake: *** [Makefile:127: cmTC_a5f8b/fast] Error 2


File /home/michal/Coding/IZG/izgProject/build/CMakeFiles/CMakeTmp/CheckSymbolExists.c:
/* */
#include <stddef.h>
#include <stdarg.h>
#include <stdlib.h>
#include <string.h>
#include <stdio.h>
#include <wchar.h>
#include <float.h>

int main(int argc, char** argv)
{
  (void)argv;
#ifndef strlcpy
  return ((int*)(&strlcpy))[argc];
#else
  (void)argc;
  return 0;
#endif
}
Determining if the strlcat exist failed with the following output:
Change Dir: /home/michal/Coding/IZG/izgProject/build/CMakeFiles/CMakeTmp

Run Build Command(s):/usr/bin/gmake -f Makefile cmTC_c46ea/fast && /usr/bin/gmake  -f CMakeFiles/cmTC_c46ea.dir/build.make CMakeFiles/cmTC_c46ea.dir/build
gmake[1]: Entering directory '/home/michal/Coding/IZG/izgProject/build/CMakeFiles/CMakeTmp'
Building C object CMakeFiles/cmTC_c46ea.dir/CheckSymbolExists.c.o
/usr/bin/cc   -idirafter "/home/michal/Coding/IZG/izgProject/libs/SDL-release-2.26.3/src/video/khronos"  -D_GNU_SOURCE=1 -o CMakeFiles/cmTC_c46ea.dir/CheckSymbolExists.c.o -c /home/michal/Coding/IZG/izgProject/build/CMakeFiles/CMakeTmp/CheckSymbolExists.c
/home/michal/Coding/IZG/izgProject/build/CMakeFiles/CMakeTmp/CheckSymbolExists.c: In function ‘main’:
/home/michal/Coding/IZG/izgProject/build/CMakeFiles/CMakeTmp/CheckSymbolExists.c:14:19: error: ‘strlcat’ undeclared (first use in this function); did you mean ‘strncat’?
   14 |   return ((int*)(&strlcat))[argc];
      |                   ^~~~~~~
      |                   strncat
/home/michal/Coding/IZG/izgProject/build/CMakeFiles/CMakeTmp/CheckSymbolExists.c:14:19: note: each undeclared identifier is reported only once for each function it appears in
gmake[1]: *** [CMakeFiles/cmTC_c46ea.dir/build.make:78: CMakeFiles/cmTC_c46ea.dir/CheckSymbolExists.c.o] Error 1
gmake[1]: Leaving directory '/home/michal/Coding/IZG/izgProject/build/CMakeFiles/CMakeTmp'
gmake: *** [Makefile:127: cmTC_c46ea/fast] Error 2


File /home/michal/Coding/IZG/izgProject/build/CMakeFiles/CMakeTmp/CheckSymbolExists.c:
/* */
#include <stddef.h>
#include <stdarg.h>
#include <stdlib.h>
#include <string.h>
#include <stdio.h>
#include <wchar.h>
#include <float.h>

int main(int argc, char** argv)
{
  (void)argv;
#ifndef strlcat
  return ((int*)(&strlcat))[argc];
#else
  (void)argc;
  return 0;
#endif
}
Determining if the _strrev exist failed with the following output:
Change Dir: /home/michal/Coding/IZG/izgProject/build/CMakeFiles/CMakeTmp

Run Build Command(s):/usr/bin/gmake -f Makefile cmTC_1d64a/fast && /usr/bin/gmake  -f CMakeFiles/cmTC_1d64a.dir/build.make CMakeFiles/cmTC_1d64a.dir/build
gmake[1]: Entering directory '/home/michal/Coding/IZG/izgProject/build/CMakeFiles/CMakeTmp'
Building C object CMakeFiles/cmTC_1d64a.dir/CheckSymbolExists.c.o
/usr/bin/cc   -idirafter "/home/michal/Coding/IZG/izgProject/libs/SDL-release-2.26.3/src/video/khronos"  -D_GNU_SOURCE=1 -o CMakeFiles/cmTC_1d64a.dir/CheckSymbolExists.c.o -c /home/michal/Coding/IZG/izgProject/build/CMakeFiles/CMakeTmp/CheckSymbolExists.c
/home/michal/Coding/IZG/izgProject/build/CMakeFiles/CMakeTmp/CheckSymbolExists.c: In function ‘main’:
/home/michal/Coding/IZG/izgProject/build/CMakeFiles/CMakeTmp/CheckSymbolExists.c:14:19: error: ‘_strrev’ undeclared (first use in this function)
   14 |   return ((int*)(&_strrev))[argc];
      |                   ^~~~~~~
/home/michal/Coding/IZG/izgProject/build/CMakeFiles/CMakeTmp/CheckSymbolExists.c:14:19: note: each undeclared identifier is reported only once for each function it appears in
gmake[1]: *** [CMakeFiles/cmTC_1d64a.dir/build.make:78: CMakeFiles/cmTC_1d64a.dir/CheckSymbolExists.c.o] Error 1
gmake[1]: Leaving directory '/home/michal/Coding/IZG/izgProject/build/CMakeFiles/CMakeTmp'
gmake: *** [Makefile:127: cmTC_1d64a/fast] Error 2


File /home/michal/Coding/IZG/izgProject/build/CMakeFiles/CMakeTmp/CheckSymbolExists.c:
/* */
#include <stddef.h>
#include <stdarg.h>
#include <stdlib.h>
#include <string.h>
#include <stdio.h>
#include <wchar.h>
#include <float.h>

int main(int argc, char** argv)
{
  (void)argv;
#ifndef _strrev
  return ((int*)(&_strrev))[argc];
#else
  (void)argc;
  return 0;
#endif
}
Determining if the _strupr exist failed with the following output:
Change Dir: /home/michal/Coding/IZG/izgProject/build/CMakeFiles/CMakeTmp

Run Build Command(s):/usr/bin/gmake -f Makefile cmTC_5d5e4/fast && /usr/bin/gmake  -f CMakeFiles/cmTC_5d5e4.dir/build.make CMakeFiles/cmTC_5d5e4.dir/build
gmake[1]: Entering directory '/home/michal/Coding/IZG/izgProject/build/CMakeFiles/CMakeTmp'
Building C object CMakeFiles/cmTC_5d5e4.dir/CheckSymbolExists.c.o
/usr/bin/cc   -idirafter "/home/michal/Coding/IZG/izgProject/libs/SDL-release-2.26.3/src/video/khronos"  -D_GNU_SOURCE=1 -o CMakeFiles/cmTC_5d5e4.dir/CheckSymbolExists.c.o -c /home/michal/Coding/IZG/izgProject/build/CMakeFiles/CMakeTmp/CheckSymbolExists.c
/home/michal/Coding/IZG/izgProject/build/CMakeFiles/CMakeTmp/CheckSymbolExists.c: In function ‘main’:
/home/michal/Coding/IZG/izgProject/build/CMakeFiles/CMakeTmp/CheckSymbolExists.c:14:19: error: ‘_strupr’ undeclared (first use in this function)
   14 |   return ((int*)(&_strupr))[argc];
      |                   ^~~~~~~
/home/michal/Coding/IZG/izgProject/build/CMakeFiles/CMakeTmp/CheckSymbolExists.c:14:19: note: each undeclared identifier is reported only once for each function it appears in
gmake[1]: *** [CMakeFiles/cmTC_5d5e4.dir/build.make:78: CMakeFiles/cmTC_5d5e4.dir/CheckSymbolExists.c.o] Error 1
gmake[1]: Leaving directory '/home/michal/Coding/IZG/izgProject/build/CMakeFiles/CMakeTmp'
gmake: *** [Makefile:127: cmTC_5d5e4/fast] Error 2


File /home/michal/Coding/IZG/izgProject/build/CMakeFiles/CMakeTmp/CheckSymbolExists.c:
/* */
#include <stddef.h>
#include <stdarg.h>
#include <stdlib.h>
#include <string.h>
#include <stdio.h>
#include <wchar.h>
#include <float.h>

int main(int argc, char** argv)
{
  (void)argv;
#ifndef _strupr
  return ((int*)(&_strupr))[argc];
#else
  (void)argc;
  return 0;
#endif
}
Determining if the _strlwr exist failed with the following output:
Change Dir: /home/michal/Coding/IZG/izgProject/build/CMakeFiles/CMakeTmp

Run Build Command(s):/usr/bin/gmake -f Makefile cmTC_24a58/fast && /usr/bin/gmake  -f CMakeFiles/cmTC_24a58.dir/build.make CMakeFiles/cmTC_24a58.dir/build
gmake[1]: Entering directory '/home/michal/Coding/IZG/izgProject/build/CMakeFiles/CMakeTmp'
Building C object CMakeFiles/cmTC_24a58.dir/CheckSymbolExists.c.o
/usr/bin/cc   -idirafter "/home/michal/Coding/IZG/izgProject/libs/SDL-release-2.26.3/src/video/khronos"  -D_GNU_SOURCE=1 -o CMakeFiles/cmTC_24a58.dir/CheckSymbolExists.c.o -c /home/michal/Coding/IZG/izgProject/build/CMakeFiles/CMakeTmp/CheckSymbolExists.c
/home/michal/Coding/IZG/izgProject/build/CMakeFiles/CMakeTmp/CheckSymbolExists.c: In function ‘main’:
/home/michal/Coding/IZG/izgProject/build/CMakeFiles/CMakeTmp/CheckSymbolExists.c:14:19: error: ‘_strlwr’ undeclared (first use in this function)
   14 |   return ((int*)(&_strlwr))[argc];
      |                   ^~~~~~~
/home/michal/Coding/IZG/izgProject/build/CMakeFiles/CMakeTmp/CheckSymbolExists.c:14:19: note: each undeclared identifier is reported only once for each function it appears in
gmake[1]: *** [CMakeFiles/cmTC_24a58.dir/build.make:78: CMakeFiles/cmTC_24a58.dir/CheckSymbolExists.c.o] Error 1
gmake[1]: Leaving directory '/home/michal/Coding/IZG/izgProject/build/CMakeFiles/CMakeTmp'
gmake: *** [Makefile:127: cmTC_24a58/fast] Error 2


File /home/michal/Coding/IZG/izgProject/build/CMakeFiles/CMakeTmp/CheckSymbolExists.c:
/* */
#include <stddef.h>
#include <stdarg.h>
#include <stdlib.h>
#include <string.h>
#include <stdio.h>
#include <wchar.h>
#include <float.h>

int main(int argc, char** argv)
{
  (void)argv;
#ifndef _strlwr
  return ((int*)(&_strlwr))[argc];
#else
  (void)argc;
  return 0;
#endif
}
Determining if the itoa exist failed with the following output:
Change Dir: /home/michal/Coding/IZG/izgProject/build/CMakeFiles/CMakeTmp

Run Build Command(s):/usr/bin/gmake -f Makefile cmTC_78cbc/fast && /usr/bin/gmake  -f CMakeFiles/cmTC_78cbc.dir/build.make CMakeFiles/cmTC_78cbc.dir/build
gmake[1]: Entering directory '/home/michal/Coding/IZG/izgProject/build/CMakeFiles/CMakeTmp'
Building C object CMakeFiles/cmTC_78cbc.dir/CheckSymbolExists.c.o
/usr/bin/cc   -idirafter "/home/michal/Coding/IZG/izgProject/libs/SDL-release-2.26.3/src/video/khronos"  -D_GNU_SOURCE=1 -o CMakeFiles/cmTC_78cbc.dir/CheckSymbolExists.c.o -c /home/michal/Coding/IZG/izgProject/build/CMakeFiles/CMakeTmp/CheckSymbolExists.c
/home/michal/Coding/IZG/izgProject/build/CMakeFiles/CMakeTmp/CheckSymbolExists.c: In function ‘main’:
/home/michal/Coding/IZG/izgProject/build/CMakeFiles/CMakeTmp/CheckSymbolExists.c:14:19: error: ‘itoa’ undeclared (first use in this function)
   14 |   return ((int*)(&itoa))[argc];
      |                   ^~~~
/home/michal/Coding/IZG/izgProject/build/CMakeFiles/CMakeTmp/CheckSymbolExists.c:14:19: note: each undeclared identifier is reported only once for each function it appears in
gmake[1]: *** [CMakeFiles/cmTC_78cbc.dir/build.make:78: CMakeFiles/cmTC_78cbc.dir/CheckSymbolExists.c.o] Error 1
gmake[1]: Leaving directory '/home/michal/Coding/IZG/izgProject/build/CMakeFiles/CMakeTmp'
gmake: *** [Makefile:127: cmTC_78cbc/fast] Error 2


File /home/michal/Coding/IZG/izgProject/build/CMakeFiles/CMakeTmp/CheckSymbolExists.c:
/* */
#include <stddef.h>
#include <stdarg.h>
#include <stdlib.h>
#include <string.h>
#include <stdio.h>
#include <wchar.h>
#include <float.h>

int main(int argc, char** argv)
{
  (void)argv;
#ifndef itoa
  return ((int*)(&itoa))[argc];
#else
  (void)argc;
  return 0;
#endif
}
Determining if the _ltoa exist failed with the following output:
Change Dir: /home/michal/Coding/IZG/izgProject/build/CMakeFiles/CMakeTmp

Run Build Command(s):/usr/bin/gmake -f Makefile cmTC_3577c/fast && /usr/bin/gmake  -f CMakeFiles/cmTC_3577c.dir/build.make CMakeFiles/cmTC_3577c.dir/build
gmake[1]: Entering directory '/home/michal/Coding/IZG/izgProject/build/CMakeFiles/CMakeTmp'
Building C object CMakeFiles/cmTC_3577c.dir/CheckSymbolExists.c.o
/usr/bin/cc   -idirafter "/home/michal/Coding/IZG/izgProject/libs/SDL-release-2.26.3/src/video/khronos"  -D_GNU_SOURCE=1 -o CMakeFiles/cmTC_3577c.dir/CheckSymbolExists.c.o -c /home/michal/Coding/IZG/izgProject/build/CMakeFiles/CMakeTmp/CheckSymbolExists.c
/home/michal/Coding/IZG/izgProject/build/CMakeFiles/CMakeTmp/CheckSymbolExists.c: In function ‘main’:
/home/michal/Coding/IZG/izgProject/build/CMakeFiles/CMakeTmp/CheckSymbolExists.c:14:19: error: ‘_ltoa’ undeclared (first use in this function)
   14 |   return ((int*)(&_ltoa))[argc];
      |                   ^~~~~
/home/michal/Coding/IZG/izgProject/build/CMakeFiles/CMakeTmp/CheckSymbolExists.c:14:19: note: each undeclared identifier is reported only once for each function it appears in
gmake[1]: *** [CMakeFiles/cmTC_3577c.dir/build.make:78: CMakeFiles/cmTC_3577c.dir/CheckSymbolExists.c.o] Error 1
gmake[1]: Leaving directory '/home/michal/Coding/IZG/izgProject/build/CMakeFiles/CMakeTmp'
gmake: *** [Makefile:127: cmTC_3577c/fast] Error 2


File /home/michal/Coding/IZG/izgProject/build/CMakeFiles/CMakeTmp/CheckSymbolExists.c:
/* */
#include <stddef.h>
#include <stdarg.h>
#include <stdlib.h>
#include <string.h>
#include <stdio.h>
#include <wchar.h>
#include <float.h>

int main(int argc, char** argv)
{
  (void)argv;
#ifndef _ltoa
  return ((int*)(&_ltoa))[argc];
#else
  (void)argc;
  return 0;
#endif
}
Determining if the _uitoa exist failed with the following output:
Change Dir: /home/michal/Coding/IZG/izgProject/build/CMakeFiles/CMakeTmp

Run Build Command(s):/usr/bin/gmake -f Makefile cmTC_cdad4/fast && /usr/bin/gmake  -f CMakeFiles/cmTC_cdad4.dir/build.make CMakeFiles/cmTC_cdad4.dir/build
gmake[1]: Entering directory '/home/michal/Coding/IZG/izgProject/build/CMakeFiles/CMakeTmp'
Building C object CMakeFiles/cmTC_cdad4.dir/CheckSymbolExists.c.o
/usr/bin/cc   -idirafter "/home/michal/Coding/IZG/izgProject/libs/SDL-release-2.26.3/src/video/khronos"  -D_GNU_SOURCE=1 -o CMakeFiles/cmTC_cdad4.dir/CheckSymbolExists.c.o -c /home/michal/Coding/IZG/izgProject/build/CMakeFiles/CMakeTmp/CheckSymbolExists.c
/home/michal/Coding/IZG/izgProject/build/CMakeFiles/CMakeTmp/CheckSymbolExists.c: In function ‘main’:
/home/michal/Coding/IZG/izgProject/build/CMakeFiles/CMakeTmp/CheckSymbolExists.c:14:19: error: ‘_uitoa’ undeclared (first use in this function)
   14 |   return ((int*)(&_uitoa))[argc];
      |                   ^~~~~~
/home/michal/Coding/IZG/izgProject/build/CMakeFiles/CMakeTmp/CheckSymbolExists.c:14:19: note: each undeclared identifier is reported only once for each function it appears in
gmake[1]: *** [CMakeFiles/cmTC_cdad4.dir/build.make:78: CMakeFiles/cmTC_cdad4.dir/CheckSymbolExists.c.o] Error 1
gmake[1]: Leaving directory '/home/michal/Coding/IZG/izgProject/build/CMakeFiles/CMakeTmp'
gmake: *** [Makefile:127: cmTC_cdad4/fast] Error 2


File /home/michal/Coding/IZG/izgProject/build/CMakeFiles/CMakeTmp/CheckSymbolExists.c:
/* */
#include <stddef.h>
#include <stdarg.h>
#include <stdlib.h>
#include <string.h>
#include <stdio.h>
#include <wchar.h>
#include <float.h>

int main(int argc, char** argv)
{
  (void)argv;
#ifndef _uitoa
  return ((int*)(&_uitoa))[argc];
#else
  (void)argc;
  return 0;
#endif
}
Determining if the _ultoa exist failed with the following output:
Change Dir: /home/michal/Coding/IZG/izgProject/build/CMakeFiles/CMakeTmp

Run Build Command(s):/usr/bin/gmake -f Makefile cmTC_a8376/fast && /usr/bin/gmake  -f CMakeFiles/cmTC_a8376.dir/build.make CMakeFiles/cmTC_a8376.dir/build
gmake[1]: Entering directory '/home/michal/Coding/IZG/izgProject/build/CMakeFiles/CMakeTmp'
Building C object CMakeFiles/cmTC_a8376.dir/CheckSymbolExists.c.o
/usr/bin/cc   -idirafter "/home/michal/Coding/IZG/izgProject/libs/SDL-release-2.26.3/src/video/khronos"  -D_GNU_SOURCE=1 -o CMakeFiles/cmTC_a8376.dir/CheckSymbolExists.c.o -c /home/michal/Coding/IZG/izgProject/build/CMakeFiles/CMakeTmp/CheckSymbolExists.c
/home/michal/Coding/IZG/izgProject/build/CMakeFiles/CMakeTmp/CheckSymbolExists.c: In function ‘main’:
/home/michal/Coding/IZG/izgProject/build/CMakeFiles/CMakeTmp/CheckSymbolExists.c:14:19: error: ‘_ultoa’ undeclared (first use in this function)
   14 |   return ((int*)(&_ultoa))[argc];
      |                   ^~~~~~
/home/michal/Coding/IZG/izgProject/build/CMakeFiles/CMakeTmp/CheckSymbolExists.c:14:19: note: each undeclared identifier is reported only once for each function it appears in
gmake[1]: *** [CMakeFiles/cmTC_a8376.dir/build.make:78: CMakeFiles/cmTC_a8376.dir/CheckSymbolExists.c.o] Error 1
gmake[1]: Leaving directory '/home/michal/Coding/IZG/izgProject/build/CMakeFiles/CMakeTmp'
gmake: *** [Makefile:127: cmTC_a8376/fast] Error 2


File /home/michal/Coding/IZG/izgProject/build/CMakeFiles/CMakeTmp/CheckSymbolExists.c:
/* */
#include <stddef.h>
#include <stdarg.h>
#include <stdlib.h>
#include <string.h>
#include <stdio.h>
#include <wchar.h>
#include <float.h>

int main(int argc, char** argv)
{
  (void)argv;
#ifndef _ultoa
  return ((int*)(&_ultoa))[argc];
#else
  (void)argc;
  return 0;
#endif
}
Determining if the _i64toa exist failed with the following output:
Change Dir: /home/michal/Coding/IZG/izgProject/build/CMakeFiles/CMakeTmp

Run Build Command(s):/usr/bin/gmake -f Makefile cmTC_74d1f/fast && /usr/bin/gmake  -f CMakeFiles/cmTC_74d1f.dir/build.make CMakeFiles/cmTC_74d1f.dir/build
gmake[1]: Entering directory '/home/michal/Coding/IZG/izgProject/build/CMakeFiles/CMakeTmp'
Building C object CMakeFiles/cmTC_74d1f.dir/CheckSymbolExists.c.o
/usr/bin/cc   -idirafter "/home/michal/Coding/IZG/izgProject/libs/SDL-release-2.26.3/src/video/khronos"  -D_GNU_SOURCE=1 -o CMakeFiles/cmTC_74d1f.dir/CheckSymbolExists.c.o -c /home/michal/Coding/IZG/izgProject/build/CMakeFiles/CMakeTmp/CheckSymbolExists.c
/home/michal/Coding/IZG/izgProject/build/CMakeFiles/CMakeTmp/CheckSymbolExists.c: In function ‘main’:
/home/michal/Coding/IZG/izgProject/build/CMakeFiles/CMakeTmp/CheckSymbolExists.c:14:19: error: ‘_i64toa’ undeclared (first use in this function)
   14 |   return ((int*)(&_i64toa))[argc];
      |                   ^~~~~~~
/home/michal/Coding/IZG/izgProject/build/CMakeFiles/CMakeTmp/CheckSymbolExists.c:14:19: note: each undeclared identifier is reported only once for each function it appears in
gmake[1]: *** [CMakeFiles/cmTC_74d1f.dir/build.make:78: CMakeFiles/cmTC_74d1f.dir/CheckSymbolExists.c.o] Error 1
gmake[1]: Leaving directory '/home/michal/Coding/IZG/izgProject/build/CMakeFiles/CMakeTmp'
gmake: *** [Makefile:127: cmTC_74d1f/fast] Error 2


File /home/michal/Coding/IZG/izgProject/build/CMakeFiles/CMakeTmp/CheckSymbolExists.c:
/* */
#include <stddef.h>
#include <stdarg.h>
#include <stdlib.h>
#include <string.h>
#include <stdio.h>
#include <wchar.h>
#include <float.h>

int main(int argc, char** argv)
{
  (void)argv;
#ifndef _i64toa
  return ((int*)(&_i64toa))[argc];
#else
  (void)argc;
  return 0;
#endif
}
Determining if the _ui64toa exist failed with the following output:
Change Dir: /home/michal/Coding/IZG/izgProject/build/CMakeFiles/CMakeTmp

Run Build Command(s):/usr/bin/gmake -f Makefile cmTC_13639/fast && /usr/bin/gmake  -f CMakeFiles/cmTC_13639.dir/build.make CMakeFiles/cmTC_13639.dir/build
gmake[1]: Entering directory '/home/michal/Coding/IZG/izgProject/build/CMakeFiles/CMakeTmp'
Building C object CMakeFiles/cmTC_13639.dir/CheckSymbolExists.c.o
/usr/bin/cc   -idirafter "/home/michal/Coding/IZG/izgProject/libs/SDL-release-2.26.3/src/video/khronos"  -D_GNU_SOURCE=1 -o CMakeFiles/cmTC_13639.dir/CheckSymbolExists.c.o -c /home/michal/Coding/IZG/izgProject/build/CMakeFiles/CMakeTmp/CheckSymbolExists.c
/home/michal/Coding/IZG/izgProject/build/CMakeFiles/CMakeTmp/CheckSymbolExists.c: In function ‘main’:
/home/michal/Coding/IZG/izgProject/build/CMakeFiles/CMakeTmp/CheckSymbolExists.c:14:19: error: ‘_ui64toa’ undeclared (first use in this function)
   14 |   return ((int*)(&_ui64toa))[argc];
      |                   ^~~~~~~~
/home/michal/Coding/IZG/izgProject/build/CMakeFiles/CMakeTmp/CheckSymbolExists.c:14:19: note: each undeclared identifier is reported only once for each function it appears in
gmake[1]: *** [CMakeFiles/cmTC_13639.dir/build.make:78: CMakeFiles/cmTC_13639.dir/CheckSymbolExists.c.o] Error 1
gmake[1]: Leaving directory '/home/michal/Coding/IZG/izgProject/build/CMakeFiles/CMakeTmp'
gmake: *** [Makefile:127: cmTC_13639/fast] Error 2


File /home/michal/Coding/IZG/izgProject/build/CMakeFiles/CMakeTmp/CheckSymbolExists.c:
/* */
#include <stddef.h>
#include <stdarg.h>
#include <stdlib.h>
#include <string.h>
#include <stdio.h>
#include <wchar.h>
#include <float.h>

int main(int argc, char** argv)
{
  (void)argv;
#ifndef _ui64toa
  return ((int*)(&_ui64toa))[argc];
#else
  (void)argc;
  return 0;
#endif
}
Determining if the _stricmp exist failed with the following output:
Change Dir: /home/michal/Coding/IZG/izgProject/build/CMakeFiles/CMakeTmp

Run Build Command(s):/usr/bin/gmake -f Makefile cmTC_b15b4/fast && /usr/bin/gmake  -f CMakeFiles/cmTC_b15b4.dir/build.make CMakeFiles/cmTC_b15b4.dir/build
gmake[1]: Entering directory '/home/michal/Coding/IZG/izgProject/build/CMakeFiles/CMakeTmp'
Building C object CMakeFiles/cmTC_b15b4.dir/CheckSymbolExists.c.o
/usr/bin/cc   -idirafter "/home/michal/Coding/IZG/izgProject/libs/SDL-release-2.26.3/src/video/khronos"  -D_GNU_SOURCE=1 -o CMakeFiles/cmTC_b15b4.dir/CheckSymbolExists.c.o -c /home/michal/Coding/IZG/izgProject/build/CMakeFiles/CMakeTmp/CheckSymbolExists.c
/home/michal/Coding/IZG/izgProject/build/CMakeFiles/CMakeTmp/CheckSymbolExists.c: In function ‘main’:
/home/michal/Coding/IZG/izgProject/build/CMakeFiles/CMakeTmp/CheckSymbolExists.c:14:19: error: ‘_stricmp’ undeclared (first use in this function); did you mean ‘strncmp’?
   14 |   return ((int*)(&_stricmp))[argc];
      |                   ^~~~~~~~
      |                   strncmp
/home/michal/Coding/IZG/izgProject/build/CMakeFiles/CMakeTmp/CheckSymbolExists.c:14:19: note: each undeclared identifier is reported only once for each function it appears in
gmake[1]: *** [CMakeFiles/cmTC_b15b4.dir/build.make:78: CMakeFiles/cmTC_b15b4.dir/CheckSymbolExists.c.o] Error 1
gmake[1]: Leaving directory '/home/michal/Coding/IZG/izgProject/build/CMakeFiles/CMakeTmp'
gmake: *** [Makefile:127: cmTC_b15b4/fast] Error 2


File /home/michal/Coding/IZG/izgProject/build/CMakeFiles/CMakeTmp/CheckSymbolExists.c:
/* */
#include <stddef.h>
#include <stdarg.h>
#include <stdlib.h>
#include <string.h>
#include <stdio.h>
#include <wchar.h>
#include <float.h>

int main(int argc, char** argv)
{
  (void)argv;
#ifndef _stricmp
  return ((int*)(&_stricmp))[argc];
#else
  (void)argc;
  return 0;
#endif
}
Determining if the _strnicmp exist failed with the following output:
Change Dir: /home/michal/Coding/IZG/izgProject/build/CMakeFiles/CMakeTmp

Run Build Command(s):/usr/bin/gmake -f Makefile cmTC_70e9b/fast && /usr/bin/gmake  -f CMakeFiles/cmTC_70e9b.dir/build.make CMakeFiles/cmTC_70e9b.dir/build
gmake[1]: Entering directory '/home/michal/Coding/IZG/izgProject/build/CMakeFiles/CMakeTmp'
Building C object CMakeFiles/cmTC_70e9b.dir/CheckSymbolExists.c.o
/usr/bin/cc   -idirafter "/home/michal/Coding/IZG/izgProject/libs/SDL-release-2.26.3/src/video/khronos"  -D_GNU_SOURCE=1 -o CMakeFiles/cmTC_70e9b.dir/CheckSymbolExists.c.o -c /home/michal/Coding/IZG/izgProject/build/CMakeFiles/CMakeTmp/CheckSymbolExists.c
/home/michal/Coding/IZG/izgProject/build/CMakeFiles/CMakeTmp/CheckSymbolExists.c: In function ‘main’:
/home/michal/Coding/IZG/izgProject/build/CMakeFiles/CMakeTmp/CheckSymbolExists.c:14:19: error: ‘_strnicmp’ undeclared (first use in this function); did you mean ‘strncmp’?
   14 |   return ((int*)(&_strnicmp))[argc];
      |                   ^~~~~~~~~
      |                   strncmp
/home/michal/Coding/IZG/izgProject/build/CMakeFiles/CMakeTmp/CheckSymbolExists.c:14:19: note: each undeclared identifier is reported only once for each function it appears in
gmake[1]: *** [CMakeFiles/cmTC_70e9b.dir/build.make:78: CMakeFiles/cmTC_70e9b.dir/CheckSymbolExists.c.o] Error 1
gmake[1]: Leaving directory '/home/michal/Coding/IZG/izgProject/build/CMakeFiles/CMakeTmp'
gmake: *** [Makefile:127: cmTC_70e9b/fast] Error 2


File /home/michal/Coding/IZG/izgProject/build/CMakeFiles/CMakeTmp/CheckSymbolExists.c:
/* */
#include <stddef.h>
#include <stdarg.h>
#include <stdlib.h>
#include <string.h>
#include <stdio.h>
#include <wchar.h>
#include <float.h>

int main(int argc, char** argv)
{
  (void)argv;
#ifndef _strnicmp
  return ((int*)(&_strnicmp))[argc];
#else
  (void)argc;
  return 0;
#endif
}
Determining if the _wcsdup exist failed with the following output:
Change Dir: /home/michal/Coding/IZG/izgProject/build/CMakeFiles/CMakeTmp

Run Build Command(s):/usr/bin/gmake -f Makefile cmTC_80b13/fast && /usr/bin/gmake  -f CMakeFiles/cmTC_80b13.dir/build.make CMakeFiles/cmTC_80b13.dir/build
gmake[1]: Entering directory '/home/michal/Coding/IZG/izgProject/build/CMakeFiles/CMakeTmp'
Building C object CMakeFiles/cmTC_80b13.dir/CheckSymbolExists.c.o
/usr/bin/cc   -idirafter "/home/michal/Coding/IZG/izgProject/libs/SDL-release-2.26.3/src/video/khronos"  -D_GNU_SOURCE=1 -o CMakeFiles/cmTC_80b13.dir/CheckSymbolExists.c.o -c /home/michal/Coding/IZG/izgProject/build/CMakeFiles/CMakeTmp/CheckSymbolExists.c
/home/michal/Coding/IZG/izgProject/build/CMakeFiles/CMakeTmp/CheckSymbolExists.c: In function ‘main’:
/home/michal/Coding/IZG/izgProject/build/CMakeFiles/CMakeTmp/CheckSymbolExists.c:14:19: error: ‘_wcsdup’ undeclared (first use in this function); did you mean ‘wcsdup’?
   14 |   return ((int*)(&_wcsdup))[argc];
      |                   ^~~~~~~
      |                   wcsdup
/home/michal/Coding/IZG/izgProject/build/CMakeFiles/CMakeTmp/CheckSymbolExists.c:14:19: note: each undeclared identifier is reported only once for each function it appears in
gmake[1]: *** [CMakeFiles/cmTC_80b13.dir/build.make:78: CMakeFiles/cmTC_80b13.dir/CheckSymbolExists.c.o] Error 1
gmake[1]: Leaving directory '/home/michal/Coding/IZG/izgProject/build/CMakeFiles/CMakeTmp'
gmake: *** [Makefile:127: cmTC_80b13/fast] Error 2


File /home/michal/Coding/IZG/izgProject/build/CMakeFiles/CMakeTmp/CheckSymbolExists.c:
/* */
#include <stddef.h>
#include <stdarg.h>
#include <stdlib.h>
#include <string.h>
#include <stdio.h>
#include <wchar.h>
#include <float.h>

int main(int argc, char** argv)
{
  (void)argv;
#ifndef _wcsdup
  return ((int*)(&_wcsdup))[argc];
#else
  (void)argc;
  return 0;
#endif
}
Determining if the wcslcat exist failed with the following output:
Change Dir: /home/michal/Coding/IZG/izgProject/build/CMakeFiles/CMakeTmp

Run Build Command(s):/usr/bin/gmake -f Makefile cmTC_d68e3/fast && /usr/bin/gmake  -f CMakeFiles/cmTC_d68e3.dir/build.make CMakeFiles/cmTC_d68e3.dir/build
gmake[1]: Entering directory '/home/michal/Coding/IZG/izgProject/build/CMakeFiles/CMakeTmp'
Building C object CMakeFiles/cmTC_d68e3.dir/CheckSymbolExists.c.o
/usr/bin/cc   -idirafter "/home/michal/Coding/IZG/izgProject/libs/SDL-release-2.26.3/src/video/khronos"  -D_GNU_SOURCE=1 -o CMakeFiles/cmTC_d68e3.dir/CheckSymbolExists.c.o -c /home/michal/Coding/IZG/izgProject/build/CMakeFiles/CMakeTmp/CheckSymbolExists.c
/home/michal/Coding/IZG/izgProject/build/CMakeFiles/CMakeTmp/CheckSymbolExists.c: In function ‘main’:
/home/michal/Coding/IZG/izgProject/build/CMakeFiles/CMakeTmp/CheckSymbolExists.c:14:19: error: ‘wcslcat’ undeclared (first use in this function); did you mean ‘wcsncat’?
   14 |   return ((int*)(&wcslcat))[argc];
      |                   ^~~~~~~
      |                   wcsncat
/home/michal/Coding/IZG/izgProject/build/CMakeFiles/CMakeTmp/CheckSymbolExists.c:14:19: note: each undeclared identifier is reported only once for each function it appears in
gmake[1]: *** [CMakeFiles/cmTC_d68e3.dir/build.make:78: CMakeFiles/cmTC_d68e3.dir/CheckSymbolExists.c.o] Error 1
gmake[1]: Leaving directory '/home/michal/Coding/IZG/izgProject/build/CMakeFiles/CMakeTmp'
gmake: *** [Makefile:127: cmTC_d68e3/fast] Error 2


File /home/michal/Coding/IZG/izgProject/build/CMakeFiles/CMakeTmp/CheckSymbolExists.c:
/* */
#include <stddef.h>
#include <stdarg.h>
#include <stdlib.h>
#include <string.h>
#include <stdio.h>
#include <wchar.h>
#include <float.h>

int main(int argc, char** argv)
{
  (void)argv;
#ifndef wcslcat
  return ((int*)(&wcslcat))[argc];
#else
  (void)argc;
  return 0;
#endif
}
Determining if the wcslcpy exist failed with the following output:
Change Dir: /home/michal/Coding/IZG/izgProject/build/CMakeFiles/CMakeTmp

Run Build Command(s):/usr/bin/gmake -f Makefile cmTC_dc3a7/fast && /usr/bin/gmake  -f CMakeFiles/cmTC_dc3a7.dir/build.make CMakeFiles/cmTC_dc3a7.dir/build
gmake[1]: Entering directory '/home/michal/Coding/IZG/izgProject/build/CMakeFiles/CMakeTmp'
Building C object CMakeFiles/cmTC_dc3a7.dir/CheckSymbolExists.c.o
/usr/bin/cc   -idirafter "/home/michal/Coding/IZG/izgProject/libs/SDL-release-2.26.3/src/video/khronos"  -D_GNU_SOURCE=1 -o CMakeFiles/cmTC_dc3a7.dir/CheckSymbolExists.c.o -c /home/michal/Coding/IZG/izgProject/build/CMakeFiles/CMakeTmp/CheckSymbolExists.c
/home/michal/Coding/IZG/izgProject/build/CMakeFiles/CMakeTmp/CheckSymbolExists.c: In function ‘main’:
/home/michal/Coding/IZG/izgProject/build/CMakeFiles/CMakeTmp/CheckSymbolExists.c:14:19: error: ‘wcslcpy’ undeclared (first use in this function); did you mean ‘wcsncpy’?
   14 |   return ((int*)(&wcslcpy))[argc];
      |                   ^~~~~~~
      |                   wcsncpy
/home/michal/Coding/IZG/izgProject/build/CMakeFiles/CMakeTmp/CheckSymbolExists.c:14:19: note: each undeclared identifier is reported only once for each function it appears in
gmake[1]: *** [CMakeFiles/cmTC_dc3a7.dir/build.make:78: CMakeFiles/cmTC_dc3a7.dir/CheckSymbolExists.c.o] Error 1
gmake[1]: Leaving directory '/home/michal/Coding/IZG/izgProject/build/CMakeFiles/CMakeTmp'
gmake: *** [Makefile:127: cmTC_dc3a7/fast] Error 2


File /home/michal/Coding/IZG/izgProject/build/CMakeFiles/CMakeTmp/CheckSymbolExists.c:
/* */
#include <stddef.h>
#include <stdarg.h>
#include <stdlib.h>
#include <string.h>
#include <stdio.h>
#include <wchar.h>
#include <float.h>

int main(int argc, char** argv)
{
  (void)argv;
#ifndef wcslcpy
  return ((int*)(&wcslcpy))[argc];
#else
  (void)argc;
  return 0;
#endif
}
Determining if the _wcsicmp exist failed with the following output:
Change Dir: /home/michal/Coding/IZG/izgProject/build/CMakeFiles/CMakeTmp

Run Build Command(s):/usr/bin/gmake -f Makefile cmTC_9fad2/fast && /usr/bin/gmake  -f CMakeFiles/cmTC_9fad2.dir/build.make CMakeFiles/cmTC_9fad2.dir/build
gmake[1]: Entering directory '/home/michal/Coding/IZG/izgProject/build/CMakeFiles/CMakeTmp'
Building C object CMakeFiles/cmTC_9fad2.dir/CheckSymbolExists.c.o
/usr/bin/cc   -idirafter "/home/michal/Coding/IZG/izgProject/libs/SDL-release-2.26.3/src/video/khronos"  -D_GNU_SOURCE=1 -o CMakeFiles/cmTC_9fad2.dir/CheckSymbolExists.c.o -c /home/michal/Coding/IZG/izgProject/build/CMakeFiles/CMakeTmp/CheckSymbolExists.c
/home/michal/Coding/IZG/izgProject/build/CMakeFiles/CMakeTmp/CheckSymbolExists.c: In function ‘main’:
/home/michal/Coding/IZG/izgProject/build/CMakeFiles/CMakeTmp/CheckSymbolExists.c:14:19: error: ‘_wcsicmp’ undeclared (first use in this function); did you mean ‘wcsncmp’?
   14 |   return ((int*)(&_wcsicmp))[argc];
      |                   ^~~~~~~~
      |                   wcsncmp
/home/michal/Coding/IZG/izgProject/build/CMakeFiles/CMakeTmp/CheckSymbolExists.c:14:19: note: each undeclared identifier is reported only once for each function it appears in
gmake[1]: *** [CMakeFiles/cmTC_9fad2.dir/build.make:78: CMakeFiles/cmTC_9fad2.dir/CheckSymbolExists.c.o] Error 1
gmake[1]: Leaving directory '/home/michal/Coding/IZG/izgProject/build/CMakeFiles/CMakeTmp'
gmake: *** [Makefile:127: cmTC_9fad2/fast] Error 2


File /home/michal/Coding/IZG/izgProject/build/CMakeFiles/CMakeTmp/CheckSymbolExists.c:
/* */
#include <stddef.h>
#include <stdarg.h>
#include <stdlib.h>
#include <string.h>
#include <stdio.h>
#include <wchar.h>
#include <float.h>

int main(int argc, char** argv)
{
  (void)argv;
#ifndef _wcsicmp
  return ((int*)(&_wcsicmp))[argc];
#else
  (void)argc;
  return 0;
#endif
}
Determining if the _wcsnicmp exist failed with the following output:
Change Dir: /home/michal/Coding/IZG/izgProject/build/CMakeFiles/CMakeTmp

Run Build Command(s):/usr/bin/gmake -f Makefile cmTC_af217/fast && /usr/bin/gmake  -f CMakeFiles/cmTC_af217.dir/build.make CMakeFiles/cmTC_af217.dir/build
gmake[1]: Entering directory '/home/michal/Coding/IZG/izgProject/build/CMakeFiles/CMakeTmp'
Building C object CMakeFiles/cmTC_af217.dir/CheckSymbolExists.c.o
/usr/bin/cc   -idirafter "/home/michal/Coding/IZG/izgProject/libs/SDL-release-2.26.3/src/video/khronos"  -D_GNU_SOURCE=1 -o CMakeFiles/cmTC_af217.dir/CheckSymbolExists.c.o -c /home/michal/Coding/IZG/izgProject/build/CMakeFiles/CMakeTmp/CheckSymbolExists.c
/home/michal/Coding/IZG/izgProject/build/CMakeFiles/CMakeTmp/CheckSymbolExists.c: In function ‘main’:
/home/michal/Coding/IZG/izgProject/build/CMakeFiles/CMakeTmp/CheckSymbolExists.c:14:19: error: ‘_wcsnicmp’ undeclared (first use in this function); did you mean ‘wcsncmp’?
   14 |   return ((int*)(&_wcsnicmp))[argc];
      |                   ^~~~~~~~~
      |                   wcsncmp
/home/michal/Coding/IZG/izgProject/build/CMakeFiles/CMakeTmp/CheckSymbolExists.c:14:19: note: each undeclared identifier is reported only once for each function it appears in
gmake[1]: *** [CMakeFiles/cmTC_af217.dir/build.make:78: CMakeFiles/cmTC_af217.dir/CheckSymbolExists.c.o] Error 1
gmake[1]: Leaving directory '/home/michal/Coding/IZG/izgProject/build/CMakeFiles/CMakeTmp'
gmake: *** [Makefile:127: cmTC_af217/fast] Error 2


File /home/michal/Coding/IZG/izgProject/build/CMakeFiles/CMakeTmp/CheckSymbolExists.c:
/* */
#include <stddef.h>
#include <stdarg.h>
#include <stdlib.h>
#include <string.h>
#include <stdio.h>
#include <wchar.h>
#include <float.h>

int main(int argc, char** argv)
{
  (void)argv;
#ifndef _wcsnicmp
  return ((int*)(&_wcsnicmp))[argc];
#else
  (void)argc;
  return 0;
#endif
}
Determining if the sysctlbyname exist failed with the following output:
Change Dir: /home/michal/Coding/IZG/izgProject/build/CMakeFiles/CMakeTmp

Run Build Command(s):/usr/bin/gmake -f Makefile cmTC_6f1ba/fast && /usr/bin/gmake  -f CMakeFiles/cmTC_6f1ba.dir/build.make CMakeFiles/cmTC_6f1ba.dir/build
gmake[1]: Entering directory '/home/michal/Coding/IZG/izgProject/build/CMakeFiles/CMakeTmp'
Building C object CMakeFiles/cmTC_6f1ba.dir/CheckSymbolExists.c.o
/usr/bin/cc   -idirafter "/home/michal/Coding/IZG/izgProject/libs/SDL-release-2.26.3/src/video/khronos"  -D_GNU_SOURCE=1 -o CMakeFiles/cmTC_6f1ba.dir/CheckSymbolExists.c.o -c /home/michal/Coding/IZG/izgProject/build/CMakeFiles/CMakeTmp/CheckSymbolExists.c
/home/michal/Coding/IZG/izgProject/build/CMakeFiles/CMakeTmp/CheckSymbolExists.c:3:10: fatal error: sys/sysctl.h: No such file or directory
    3 | #include <sys/sysctl.h>
      |          ^~~~~~~~~~~~~~
compilation terminated.
gmake[1]: *** [CMakeFiles/cmTC_6f1ba.dir/build.make:78: CMakeFiles/cmTC_6f1ba.dir/CheckSymbolExists.c.o] Error 1
gmake[1]: Leaving directory '/home/michal/Coding/IZG/izgProject/build/CMakeFiles/CMakeTmp'
gmake: *** [Makefile:127: cmTC_6f1ba/fast] Error 2


File /home/michal/Coding/IZG/izgProject/build/CMakeFiles/CMakeTmp/CheckSymbolExists.c:
/* */
#include <sys/types.h>
#include <sys/sysctl.h>

int main(int argc, char** argv)
{
  (void)argv;
#ifndef sysctlbyname
  return ((int*)(&sysctlbyname))[argc];
#else
  (void)argc;
  return 0;
#endif
}
Determining if the elf_aux_info exist failed with the following output:
Change Dir: /home/michal/Coding/IZG/izgProject/build/CMakeFiles/CMakeTmp

Run Build Command(s):/usr/bin/gmake -f Makefile cmTC_03e68/fast && /usr/bin/gmake  -f CMakeFiles/cmTC_03e68.dir/build.make CMakeFiles/cmTC_03e68.dir/build
gmake[1]: Entering directory '/home/michal/Coding/IZG/izgProject/build/CMakeFiles/CMakeTmp'
Building C object CMakeFiles/cmTC_03e68.dir/CheckSymbolExists.c.o
/usr/bin/cc   -idirafter "/home/michal/Coding/IZG/izgProject/libs/SDL-release-2.26.3/src/video/khronos"  -D_GNU_SOURCE=1 -o CMakeFiles/cmTC_03e68.dir/CheckSymbolExists.c.o -c /home/michal/Coding/IZG/izgProject/build/CMakeFiles/CMakeTmp/CheckSymbolExists.c
/home/michal/Coding/IZG/izgProject/build/CMakeFiles/CMakeTmp/CheckSymbolExists.c: In function ‘main’:
/home/michal/Coding/IZG/izgProject/build/CMakeFiles/CMakeTmp/CheckSymbolExists.c:8:19: error: ‘elf_aux_info’ undeclared (first use in this function)
    8 |   return ((int*)(&elf_aux_info))[argc];
      |                   ^~~~~~~~~~~~
/home/michal/Coding/IZG/izgProject/build/CMakeFiles/CMakeTmp/CheckSymbolExists.c:8:19: note: each undeclared identifier is reported only once for each function it appears in
gmake[1]: *** [CMakeFiles/cmTC_03e68.dir/build.make:78: CMakeFiles/cmTC_03e68.dir/CheckSymbolExists.c.o] Error 1
gmake[1]: Leaving directory '/home/michal/Coding/IZG/izgProject/build/CMakeFiles/CMakeTmp'
gmake: *** [Makefile:127: cmTC_03e68/fast] Error 2


File /home/michal/Coding/IZG/izgProject/build/CMakeFiles/CMakeTmp/CheckSymbolExists.c:
/* */
#include <sys/auxv.h>

int main(int argc, char** argv)
{
  (void)argv;
#ifndef elf_aux_info
  return ((int*)(&elf_aux_info))[argc];
#else
  (void)argc;
  return 0;
#endif
}
Determining if the function iconv_open exists in the iconv failed with the following output:
Change Dir: /home/michal/Coding/IZG/izgProject/build/CMakeFiles/CMakeTmp

Run Build Command(s):/usr/bin/gmake -f Makefile cmTC_f8c2f/fast && /usr/bin/gmake  -f CMakeFiles/cmTC_f8c2f.dir/build.make CMakeFiles/cmTC_f8c2f.dir/build
gmake[1]: Entering directory '/home/michal/Coding/IZG/izgProject/build/CMakeFiles/CMakeTmp'
Building C object CMakeFiles/cmTC_f8c2f.dir/CheckFunctionExists.c.o
/usr/bin/cc   -idirafter "/home/michal/Coding/IZG/izgProject/libs/SDL-release-2.26.3/src/video/khronos" -DCHECK_FUNCTION_EXISTS=iconv_open  -D_GNU_SOURCE=1 -o CMakeFiles/cmTC_f8c2f.dir/CheckFunctionExists.c.o -c /usr/share/cmake-3.22/Modules/CheckFunctionExists.c
Linking C executable cmTC_f8c2f
/usr/bin/cmake -E cmake_link_script CMakeFiles/cmTC_f8c2f.dir/link.txt --verbose=1
/usr/bin/cc  -idirafter "/home/michal/Coding/IZG/izgProject/libs/SDL-release-2.26.3/src/video/khronos" -DCHECK_FUNCTION_EXISTS=iconv_open  -D_GNU_SOURCE=1 -rdynamic CMakeFiles/cmTC_f8c2f.dir/CheckFunctionExists.c.o -o cmTC_f8c2f  -liconv 
/usr/bin/ld: cannot find -liconv: No such file or directory
collect2: error: ld returned 1 exit status
gmake[1]: *** [CMakeFiles/cmTC_f8c2f.dir/build.make:99: cmTC_f8c2f] Error 1
gmake[1]: Leaving directory '/home/michal/Coding/IZG/izgProject/build/CMakeFiles/CMakeTmp'
gmake: *** [Makefile:127: cmTC_f8c2f/fast] Error 2



Determining if the alloca exist failed with the following output:
Change Dir: /home/michal/Coding/IZG/izgProject/build/CMakeFiles/CMakeTmp

Run Build Command(s):/usr/bin/gmake -f Makefile cmTC_4985d/fast && /usr/bin/gmake  -f CMakeFiles/cmTC_4985d.dir/build.make CMakeFiles/cmTC_4985d.dir/build
gmake[1]: Entering directory '/home/michal/Coding/IZG/izgProject/build/CMakeFiles/CMakeTmp'
Building C object CMakeFiles/cmTC_4985d.dir/CheckSymbolExists.c.o
/usr/bin/cc   -idirafter "/home/michal/Coding/IZG/izgProject/libs/SDL-release-2.26.3/src/video/khronos"  -D_GNU_SOURCE=1 -o CMakeFiles/cmTC_4985d.dir/CheckSymbolExists.c.o -c /home/michal/Coding/IZG/izgProject/build/CMakeFiles/CMakeTmp/CheckSymbolExists.c
/home/michal/Coding/IZG/izgProject/build/CMakeFiles/CMakeTmp/CheckSymbolExists.c: In function ‘main’:
/home/michal/Coding/IZG/izgProject/build/CMakeFiles/CMakeTmp/CheckSymbolExists.c:8:19: error: ‘alloca’ undeclared (first use in this function); did you mean ‘valloc’?
    8 |   return ((int*)(&alloca))[argc];
      |                   ^~~~~~
      |                   valloc
/home/michal/Coding/IZG/izgProject/build/CMakeFiles/CMakeTmp/CheckSymbolExists.c:8:19: note: each undeclared identifier is reported only once for each function it appears in
gmake[1]: *** [CMakeFiles/cmTC_4985d.dir/build.make:78: CMakeFiles/cmTC_4985d.dir/CheckSymbolExists.c.o] Error 1
gmake[1]: Leaving directory '/home/michal/Coding/IZG/izgProject/build/CMakeFiles/CMakeTmp'
gmake: *** [Makefile:127: cmTC_4985d/fast] Error 2


File /home/michal/Coding/IZG/izgProject/build/CMakeFiles/CMakeTmp/CheckSymbolExists.c:
/* */
#include <malloc.h>

int main(int argc, char** argv)
{
  (void)argv;
#ifndef alloca
  return ((int*)(&alloca))[argc];
#else
  (void)argc;
  return 0;
#endif
}
Determining if the include file alsa/asoundlib.h exists failed with the following output:
Change Dir: /home/michal/Coding/IZG/izgProject/build/CMakeFiles/CMakeTmp

Run Build Command(s):/usr/bin/gmake -f Makefile cmTC_5f3b0/fast && /usr/bin/gmake  -f CMakeFiles/cmTC_5f3b0.dir/build.make CMakeFiles/cmTC_5f3b0.dir/build
gmake[1]: Entering directory '/home/michal/Coding/IZG/izgProject/build/CMakeFiles/CMakeTmp'
Building C object CMakeFiles/cmTC_5f3b0.dir/CheckIncludeFile.c.o
/usr/bin/cc   -idirafter "/home/michal/Coding/IZG/izgProject/libs/SDL-release-2.26.3/src/video/khronos"  -D_GNU_SOURCE=1 -o CMakeFiles/cmTC_5f3b0.dir/CheckIncludeFile.c.o -c /home/michal/Coding/IZG/izgProject/build/CMakeFiles/CMakeTmp/CheckIncludeFile.c
/home/michal/Coding/IZG/izgProject/build/CMakeFiles/CMakeTmp/CheckIncludeFile.c:1:10: fatal error: alsa/asoundlib.h: No such file or directory
    1 | #include <alsa/asoundlib.h>
      |          ^~~~~~~~~~~~~~~~~~
compilation terminated.
gmake[1]: *** [CMakeFiles/cmTC_5f3b0.dir/build.make:78: CMakeFiles/cmTC_5f3b0.dir/CheckIncludeFile.c.o] Error 1
gmake[1]: Leaving directory '/home/michal/Coding/IZG/izgProject/build/CMakeFiles/CMakeTmp'
gmake: *** [Makefile:127: cmTC_5f3b0/fast] Error 2



Determining if the include file audio/audiolib.h exists failed with the following output:
Change Dir: /home/michal/Coding/IZG/izgProject/build/CMakeFiles/CMakeTmp

Run Build Command(s):/usr/bin/gmake -f Makefile cmTC_e639f/fast && /usr/bin/gmake  -f CMakeFiles/cmTC_e639f.dir/build.make CMakeFiles/cmTC_e639f.dir/build
gmake[1]: Entering directory '/home/michal/Coding/IZG/izgProject/build/CMakeFiles/CMakeTmp'
Building C object CMakeFiles/cmTC_e639f.dir/CheckIncludeFile.c.o
/usr/bin/cc   -idirafter "/home/michal/Coding/IZG/izgProject/libs/SDL-release-2.26.3/src/video/khronos"  -D_GNU_SOURCE=1 -o CMakeFiles/cmTC_e639f.dir/CheckIncludeFile.c.o -c /home/michal/Coding/IZG/izgProject/build/CMakeFiles/CMakeTmp/CheckIncludeFile.c
/home/michal/Coding/IZG/izgProject/build/CMakeFiles/CMakeTmp/CheckIncludeFile.c:1:10: fatal error: audio/audiolib.h: No such file or directory
    1 | #include <audio/audiolib.h>
      |          ^~~~~~~~~~~~~~~~~~
compilation terminated.
gmake[1]: *** [CMakeFiles/cmTC_e639f.dir/build.make:78: CMakeFiles/cmTC_e639f.dir/CheckIncludeFile.c.o] Error 1
gmake[1]: Leaving directory '/home/michal/Coding/IZG/izgProject/build/CMakeFiles/CMakeTmp'
gmake: *** [Makefile:127: cmTC_e639f/fast] Error 2



Performing C SOURCE FILE Test HAVE_RPI failed with the following output:
Change Dir: /home/michal/Coding/IZG/izgProject/build/CMakeFiles/CMakeTmp

Run Build Command(s):/usr/bin/gmake -f Makefile cmTC_3765d/fast && /usr/bin/gmake  -f CMakeFiles/cmTC_3765d.dir/build.make CMakeFiles/cmTC_3765d.dir/build
gmake[1]: Entering directory '/home/michal/Coding/IZG/izgProject/build/CMakeFiles/CMakeTmp'
Building C object CMakeFiles/cmTC_3765d.dir/src.c.o
/usr/bin/cc -DHAVE_RPI  -idirafter "/home/michal/Coding/IZG/izgProject/libs/SDL-release-2.26.3/src/video/khronos"  -D_GNU_SOURCE=1  -I/opt/vc/include -I/opt/vc/include/interface/vcos/pthreads -I/opt/vc/include/interface/vmcs_host/linux/  -L/opt/vc/lib -std=gnu99 -o CMakeFiles/cmTC_3765d.dir/src.c.o -c /home/michal/Coding/IZG/izgProject/build/CMakeFiles/CMakeTmp/src.c
/home/michal/Coding/IZG/izgProject/build/CMakeFiles/CMakeTmp/src.c:2:18: fatal error: bcm_host.h: No such file or directory
    2 |         #include <bcm_host.h>
      |                  ^~~~~~~~~~~~
compilation terminated.
gmake[1]: *** [CMakeFiles/cmTC_3765d.dir/build.make:78: CMakeFiles/cmTC_3765d.dir/src.c.o] Error 1
gmake[1]: Leaving directory '/home/michal/Coding/IZG/izgProject/build/CMakeFiles/CMakeTmp'
gmake: *** [Makefile:127: cmTC_3765d/fast] Error 2


Source file was:

        #include <bcm_host.h>
        #include <EGL/eglplatform.h>
        int main(int argc, char **argv) {
          EGL_DISPMANX_WINDOW_T window;
          bcm_host_init();
        }
Performing C SOURCE FILE Test HAVE_OPENGL_GLX failed with the following output:
Change Dir: /home/michal/Coding/IZG/izgProject/build/CMakeFiles/CMakeTmp

Run Build Command(s):/usr/bin/gmake -f Makefile cmTC_47d6b/fast && /usr/bin/gmake  -f CMakeFiles/cmTC_47d6b.dir/build.make CMakeFiles/cmTC_47d6b.dir/build
gmake[1]: Entering directory '/home/michal/Coding/IZG/izgProject/build/CMakeFiles/CMakeTmp'
Building C object CMakeFiles/cmTC_47d6b.dir/src.c.o
/usr/bin/cc -DHAVE_OPENGL_GLX  -idirafter "/home/michal/Coding/IZG/izgProject/libs/SDL-release-2.26.3/src/video/khronos"  -D_GNU_SOURCE=1 -std=gnu99 -o CMakeFiles/cmTC_47d6b.dir/src.c.o -c /home/michal/Coding/IZG/izgProject/build/CMakeFiles/CMakeTmp/src.c
/home/michal/Coding/IZG/izgProject/build/CMakeFiles/CMakeTmp/src.c:2:18: fatal error: GL/glx.h: No such file or directory
    2 |         #include <GL/glx.h>
      |                  ^~~~~~~~~~
compilation terminated.
gmake[1]: *** [CMakeFiles/cmTC_47d6b.dir/build.make:78: CMakeFiles/cmTC_47d6b.dir/src.c.o] Error 1
gmake[1]: Leaving directory '/home/michal/Coding/IZG/izgProject/build/CMakeFiles/CMakeTmp'
gmake: *** [Makefile:127: cmTC_47d6b/fast] Error 2


Source file was:

        #include <GL/glx.h>
        int main(int argc, char** argv) { return 0; }
Performing C SOURCE FILE Test HAVE_OPENGL failed with the following output:
Change Dir: /home/michal/Coding/IZG/izgProject/build/CMakeFiles/CMakeTmp

Run Build Command(s):/usr/bin/gmake -f Makefile cmTC_22e47/fast && /usr/bin/gmake  -f CMakeFiles/cmTC_22e47.dir/build.make CMakeFiles/cmTC_22e47.dir/build
gmake[1]: Entering directory '/home/michal/Coding/IZG/izgProject/build/CMakeFiles/CMakeTmp'
Building C object CMakeFiles/cmTC_22e47.dir/src.c.o
/usr/bin/cc -DHAVE_OPENGL  -idirafter "/home/michal/Coding/IZG/izgProject/libs/SDL-release-2.26.3/src/video/khronos"  -D_GNU_SOURCE=1 -std=gnu99 -o CMakeFiles/cmTC_22e47.dir/src.c.o -c /home/michal/Coding/IZG/izgProject/build/CMakeFiles/CMakeTmp/src.c
/home/michal/Coding/IZG/izgProject/build/CMakeFiles/CMakeTmp/src.c:2:18: fatal error: GL/gl.h: No such file or directory
    2 |         #include <GL/gl.h>
      |                  ^~~~~~~~~
compilation terminated.
gmake[1]: *** [CMakeFiles/cmTC_22e47.dir/build.make:78: CMakeFiles/cmTC_22e47.dir/src.c.o] Error 1
gmake[1]: Leaving directory '/home/michal/Coding/IZG/izgProject/build/CMakeFiles/CMakeTmp'
gmake: *** [Makefile:127: cmTC_22e47/fast] Error 2


Source file was:

        #include <GL/gl.h>
        #include <GL/glext.h>
        int main(int argc, char** argv) { return 0; }
Performing C SOURCE FILE Test HAVE_OPENGLES_V1 failed with the following output:
Change Dir: /home/michal/Coding/IZG/izgProject/build/CMakeFiles/CMakeTmp

Run Build Command(s):/usr/bin/gmake -f Makefile cmTC_b36b9/fast && /usr/bin/gmake  -f CMakeFiles/cmTC_b36b9.dir/build.make CMakeFiles/cmTC_b36b9.dir/build
gmake[1]: Entering directory '/home/michal/Coding/IZG/izgProject/build/CMakeFiles/CMakeTmp'
Building C object CMakeFiles/cmTC_b36b9.dir/src.c.o
/usr/bin/cc -DHAVE_OPENGLES_V1  -idirafter "/home/michal/Coding/IZG/izgProject/libs/SDL-release-2.26.3/src/video/khronos"  -D_GNU_SOURCE=1 -std=gnu99 -o CMakeFiles/cmTC_b36b9.dir/src.c.o -c /home/michal/Coding/IZG/izgProject/build/CMakeFiles/CMakeTmp/src.c
/home/michal/Coding/IZG/izgProject/build/CMakeFiles/CMakeTmp/src.c:2:18: fatal error: GLES/gl.h: No such file or directory
    2 |         #include <GLES/gl.h>
      |                  ^~~~~~~~~~~
compilation terminated.
gmake[1]: *** [CMakeFiles/cmTC_b36b9.dir/build.make:78: CMakeFiles/cmTC_b36b9.dir/src.c.o] Error 1
gmake[1]: Leaving directory '/home/michal/Coding/IZG/izgProject/build/CMakeFiles/CMakeTmp'
gmake: *** [Makefile:127: cmTC_b36b9/fast] Error 2


Source file was:

        #include <GLES/gl.h>
        #include <GLES/glext.h>
        int main (int argc, char** argv) { return 0; }
Performing C SOURCE FILE Test HAVE_VIVANTE_VDK failed with the following output:
Change Dir: /home/michal/Coding/IZG/izgProject/build/CMakeFiles/CMakeTmp

Run Build Command(s):/usr/bin/gmake -f Makefile cmTC_20cb6/fast && /usr/bin/gmake  -f CMakeFiles/cmTC_20cb6.dir/build.make CMakeFiles/cmTC_20cb6.dir/build
gmake[1]: Entering directory '/home/michal/Coding/IZG/izgProject/build/CMakeFiles/CMakeTmp'
Building C object CMakeFiles/cmTC_20cb6.dir/src.c.o
/usr/bin/cc -DHAVE_VIVANTE_VDK  -idirafter "/home/michal/Coding/IZG/izgProject/libs/SDL-release-2.26.3/src/video/khronos"  -D_GNU_SOURCE=1 -std=gnu99 -o CMakeFiles/cmTC_20cb6.dir/src.c.o -c /home/michal/Coding/IZG/izgProject/build/CMakeFiles/CMakeTmp/src.c
/home/michal/Coding/IZG/izgProject/build/CMakeFiles/CMakeTmp/src.c:2:18: fatal error: gc_vdk.h: No such file or directory
    2 |         #include <gc_vdk.h>
      |                  ^~~~~~~~~~
compilation terminated.
gmake[1]: *** [CMakeFiles/cmTC_20cb6.dir/build.make:78: CMakeFiles/cmTC_20cb6.dir/src.c.o] Error 1
gmake[1]: Leaving directory '/home/michal/Coding/IZG/izgProject/build/CMakeFiles/CMakeTmp'
gmake: *** [Makefile:127: cmTC_20cb6/fast] Error 2


Source file was:

        #include <gc_vdk.h>
        int main(int argc, char** argv) { return 0; }
Performing C SOURCE FILE Test HAVE_VIVANTE_EGL_FB failed with the following output:
Change Dir: /home/michal/Coding/IZG/izgProject/build/CMakeFiles/CMakeTmp

Run Build Command(s):/usr/bin/gmake -f Makefile cmTC_6a8d1/fast && /usr/bin/gmake  -f CMakeFiles/cmTC_6a8d1.dir/build.make CMakeFiles/cmTC_6a8d1.dir/build
gmake[1]: Entering directory '/home/michal/Coding/IZG/izgProject/build/CMakeFiles/CMakeTmp'
Building C object CMakeFiles/cmTC_6a8d1.dir/src.c.o
/usr/bin/cc -DHAVE_VIVANTE_EGL_FB  -idirafter "/home/michal/Coding/IZG/izgProject/libs/SDL-release-2.26.3/src/video/khronos"  -D_GNU_SOURCE=1 -std=gnu99 -o CMakeFiles/cmTC_6a8d1.dir/src.c.o -c /home/michal/Coding/IZG/izgProject/build/CMakeFiles/CMakeTmp/src.c
/home/michal/Coding/IZG/izgProject/build/CMakeFiles/CMakeTmp/src.c:4:18: fatal error: EGL/eglvivante.h: No such file or directory
    4 |         #include <EGL/eglvivante.h>
      |                  ^~~~~~~~~~~~~~~~~~
compilation terminated.
gmake[1]: *** [CMakeFiles/cmTC_6a8d1.dir/build.make:78: CMakeFiles/cmTC_6a8d1.dir/src.c.o] Error 1
gmake[1]: Leaving directory '/home/michal/Coding/IZG/izgProject/build/CMakeFiles/CMakeTmp'
gmake: *** [Makefile:127: cmTC_6a8d1/fast] Error 2


Source file was:

        #define LINUX
        #define EGL_API_FB
        #include <EGL/eglvivante.h>
        int main(int argc, char** argv) { return 0; }
Determining if the include file libudev.h exists failed with the following output:
Change Dir: /home/michal/Coding/IZG/izgProject/build/CMakeFiles/CMakeTmp

Run Build Command(s):/usr/bin/gmake -f Makefile cmTC_f6310/fast && /usr/bin/gmake  -f CMakeFiles/cmTC_f6310.dir/build.make CMakeFiles/cmTC_f6310.dir/build
gmake[1]: Entering directory '/home/michal/Coding/IZG/izgProject/build/CMakeFiles/CMakeTmp'
Building C object CMakeFiles/cmTC_f6310.dir/CheckIncludeFile.c.o
/usr/bin/cc   -idirafter "/home/michal/Coding/IZG/izgProject/libs/SDL-release-2.26.3/src/video/khronos"  -D_GNU_SOURCE=1 -o CMakeFiles/cmTC_f6310.dir/CheckIncludeFile.c.o -c /home/michal/Coding/IZG/izgProject/build/CMakeFiles/CMakeTmp/CheckIncludeFile.c
/home/michal/Coding/IZG/izgProject/build/CMakeFiles/CMakeTmp/CheckIncludeFile.c:1:10: fatal error: libudev.h: No such file or directory
    1 | #include <libudev.h>
      |          ^~~~~~~~~~~
compilation terminated.
gmake[1]: *** [CMakeFiles/cmTC_f6310.dir/build.make:78: CMakeFiles/cmTC_f6310.dir/CheckIncludeFile.c.o] Error 1
gmake[1]: Leaving directory '/home/michal/Coding/IZG/izgProject/build/CMakeFiles/CMakeTmp'
gmake: *** [Makefile:127: cmTC_f6310/fast] Error 2



Determining if files pthread_np.h exist failed with the following output:
Change Dir: /home/michal/Coding/IZG/izgProject/build/CMakeFiles/CMakeTmp

Run Build Command(s):/usr/bin/gmake -f Makefile cmTC_07a3a/fast && /usr/bin/gmake  -f CMakeFiles/cmTC_07a3a.dir/build.make CMakeFiles/cmTC_07a3a.dir/build
gmake[1]: Entering directory '/home/michal/Coding/IZG/izgProject/build/CMakeFiles/CMakeTmp'
Building C object CMakeFiles/cmTC_07a3a.dir/HAVE_PTHREAD_NP_H.c.o
/usr/bin/cc   -idirafter "/home/michal/Coding/IZG/izgProject/libs/SDL-release-2.26.3/src/video/khronos"  -D_GNU_SOURCE=1 -D_REENTRANT -pthread -o CMakeFiles/cmTC_07a3a.dir/HAVE_PTHREAD_NP_H.c.o -c /home/michal/Coding/IZG/izgProject/build/CMakeFiles/CheckIncludeFiles/HAVE_PTHREAD_NP_H.c
/home/michal/Coding/IZG/izgProject/build/CMakeFiles/CheckIncludeFiles/HAVE_PTHREAD_NP_H.c:2:10: fatal error: pthread_np.h: No such file or directory
    2 | #include <pthread_np.h>
      |          ^~~~~~~~~~~~~~
compilation terminated.
gmake[1]: *** [CMakeFiles/cmTC_07a3a.dir/build.make:78: CMakeFiles/cmTC_07a3a.dir/HAVE_PTHREAD_NP_H.c.o] Error 1
gmake[1]: Leaving directory '/home/michal/Coding/IZG/izgProject/build/CMakeFiles/CMakeTmp'
gmake: *** [Makefile:127: cmTC_07a3a/fast] Error 2


Source:
/* */
#include <pthread_np.h>


int main(void){return 0;}

Determining if the include file samplerate.h exists failed with the following output:
Change Dir: /home/michal/Coding/IZG/izgProject/build/CMakeFiles/CMakeTmp

Run Build Command(s):/usr/bin/gmake -f Makefile cmTC_2c08a/fast && /usr/bin/gmake  -f CMakeFiles/cmTC_2c08a.dir/build.make CMakeFiles/cmTC_2c08a.dir/build
gmake[1]: Entering directory '/home/michal/Coding/IZG/izgProject/build/CMakeFiles/CMakeTmp'
Building C object CMakeFiles/cmTC_2c08a.dir/CheckIncludeFile.c.o
/usr/bin/cc   -idirafter "/home/michal/Coding/IZG/izgProject/libs/SDL-release-2.26.3/src/video/khronos" -DHAVE_LINUX_VERSION_H  -D_GNU_SOURCE=1 -o CMakeFiles/cmTC_2c08a.dir/CheckIncludeFile.c.o -c /home/michal/Coding/IZG/izgProject/build/CMakeFiles/CMakeTmp/CheckIncludeFile.c
/home/michal/Coding/IZG/izgProject/build/CMakeFiles/CMakeTmp/CheckIncludeFile.c:1:10: fatal error: samplerate.h: No such file or directory
    1 | #include <samplerate.h>
      |          ^~~~~~~~~~~~~~
compilation terminated.
gmake[1]: *** [CMakeFiles/cmTC_2c08a.dir/build.make:78: CMakeFiles/cmTC_2c08a.dir/CheckIncludeFile.c.o] Error 1
gmake[1]: Leaving directory '/home/michal/Coding/IZG/izgProject/build/CMakeFiles/CMakeTmp'
gmake: *** [Makefile:127: cmTC_2c08a/fast] Error 2



