1: Z 1: started
2: Z 2: started
3: Z 4: started
4: Z 3: started
5: Z 6: started
6: Z 7: started
7: Z 8: started
8: Z 9: started
9: Z 10: started
10: Z 11: started
11: Z 12: started
12: Z 5: started
13: Z 15: started
14: Z 14: started
15: Z 18: started
16: Z 17: started
17: Z 20: started
18: Z 21: started
19: U 1: started
20: U 1: taking break
21: Z 16: started
22: U 3: started
23: U 3: taking break
24: U 4: started
25: Z 8: entering office for a service 1
26: U 5: started
27: U 5: serving a service of type 1
28: Z 13: started
29: Z 5: entering office for a service 2
30: Z 19: started
31: Z 8: called by office worker
32: U 1: break finished
33: U 7: started
34: U 8: started
35: U 8: serving a service of type 2
36: U 9: started
37: U 10: started
38: Z 3: entering office for a service 1
39: U 10: serving a service of type 1
40: Z 3: called by office worker
41: U 2: started
42: Z 20: entering office for a service 3
43: U 2: serving a service of type 3
44: U 6: started
45: U 13: started
46: Z 17: entering office for a service 1
47: U 13: serving a service of type 1
48: U 9: taking break
49: U 3: break finished
50: U 3: taking break
51: U 15: started
52: Z 9: entering office for a service 1
53: U 11: started
54: U 11: serving a service of type 1
55: U 3: break finished
56: U 3: taking break
57: U 9: break finished
58: U 9: taking break
59: U 6: taking break
60: U 11: service finished
61: U 11: taking break
62: U 14: started
63: Z 16: entering office for a service 3
64: U 14: serving a service of type 3
65: Z 16: called by office worker
66: U 19: started
67: U 14: service finished
68: U 24: started
69: U 1: taking break
70: U 6: break finished
71: U 6: taking break
72: U 15: taking break
73: Z 5: called by office worker
74: Z 16: going home
75: U 3: break finished
76: U 19: taking break
77: Z 3: going home
78: U 10: service finished
79: U 14: taking break
80: U 6: break finished
81: U 8: service finished
82: U 8: taking break
83: Z 20: called by office worker
84: Z 5: going home
85: U 21: started
86: U 21: taking break
87: U 8: break finished
88: U 3: taking break
89: U 8: taking break
90: U 12: started
91: U 12: taking break
92: U 4: taking break
93: U 6: taking break
94: U 1: break finished
95: U 8: break finished
96: U 8: taking break
97: U 20: started
98: U 20: taking break
99: U 10: taking break
100: U 27: started
101: U 27: taking break
102: U 8: break finished
103: Z 20: going home
104: Z 11: entering office for a service 2
105: U 8: serving a service of type 2
106: U 9: break finished
107: Z 11: called by office worker
108: U 5: service finished
109: U 5: taking break
110: U 25: started
111: U 25: taking break
112: U 16: started
113: U 19: break finished
114: U 19: taking break
115: U 14: break finished
116: U 16: taking break
117: U 5: break finished
118: U 5: taking break
119: Z 4: entering office for a service 1
120: Z 7: entering office for a service 2
121: U 1: serving a service of type 1
122: U 24: serving a service of type 2
123: U 13: service finished
124: U 2: service finished
125: U 1: service finished
126: U 2: taking break
127: U 21: break finished
128: U 22: started
129: U 22: taking break
130: U 4: break finished
131: U 4: taking break
132: Z 17: called by office worker
133: U 8: service finished
134: U 5: break finished
135: Z 17: going home
136: U 23: started
137: U 23: taking break
138: U 20: break finished
139: U 11: break finished
140: Z 11: going home
141: U 27: break finished
142: U 17: started
143: U 17: taking break
144: U 15: break finished
145: U 15: taking break
146: U 3: break finished
147: U 3: taking break
148: Z 4: called by office worker
149: Z 2: entering office for a service 3
150: Z 2: called by office worker
151: U 13: serving a service of type 3
152: U 25: break finished
153: U 25: taking break
154: U 7: taking break
155: U 24: service finished
156: Z 2: going home
157: U 24: taking break
158: U 6: break finished
159: U 6: taking break
160: U 3: break finished
161: U 3: taking break
162: U 16: break finished
163: U 5: taking break
164: U 16: taking break
165: U 2: break finished
166: U 2: taking break
167: Z 9: called by office worker
168: U 25: break finished
169: U 25: taking break
170: U 11: taking break
171: Z 9: going home
172: Z 8: going home
173: U 4: break finished
174: U 5: break finished
175: U 16: break finished
176: U 16: taking break
177: U 4: taking break
178: U 23: break finished
179: U 25: break finished
180: U 23: taking break
181: U 25: taking break
182: Z 1: entering office for a service 1
183: Z 4: going home
184: U 12: break finished
185: U 19: break finished
186: U 21: serving a service of type 1
187: U 16: break finished
188: U 16: taking break
189: U 26: started
190: U 26: taking break
191: U 17: break finished
192: Z 13: entering office for a service 3
193: Z 13: called by office worker
194: U 20: serving a service of type 3
195: U 9: taking break
196: U 24: break finished
197: U 10: break finished
198: U 5: taking break
199: U 7: break finished
200: Z 13: going home
201: Z 14: entering office for a service 3
202: Z 14: called by office worker
203: U 3: break finished
204: Z 21: entering office for a service 3
205: U 22: break finished
206: Z 21: called by office worker
207: U 22: serving a service of type 3
208: U 14: serving a service of type 3
209: U 2: break finished
210: U 13: service finished
211: U 11: break finished
212: U 1: taking break
213: U 9: break finished
214: U 19: taking break
215: U 15: break finished
216: U 15: taking break
217: U 5: break finished
218: U 8: taking break
219: Z 18: entering office for a service 1
220: U 23: break finished
221: U 25: break finished
222: U 6: break finished
223: U 25: serving a service of type 1
224: U 6: taking break
225: U 20: service finished
226: U 27: taking break
227: U 20: taking break
228: U 25: service finished
229: U 16: break finished
230: U 18: started
231: Z 7: called by office worker
232: Z 12: entering office for a service 3
233: U 2: serving a service of type 3
234: Z 12: called by office worker
235: Z 7: going home
236: Z 1: called by office worker
237: U 9: taking break
238: U 6: break finished
239: U 27: break finished
240: Z 1: going home
241: Z 14: going home
242: U 22: service finished
243: U 17: taking break
244: U 21: service finished
245: U 5: taking break
246: Z 21: going home
247: U 21: taking break
248: U 24: taking break
249: U 10: taking break
250: U 23: taking break
251: U 7: taking break
252: U 25: taking break
253: U 9: break finished
254: U 16: taking break
255: U 3: taking break
256: U 18: taking break
257: U 1: break finished
258: U 21: break finished
259: U 24: break finished
260: U 21: taking break
261: U 13: taking break
262: U 24: taking break
263: U 11: taking break
264: U 12: taking break
265: U 2: service finished
266: U 25: break finished
267: U 20: break finished
268: U 25: taking break
269: U 27: taking break
270: U 22: taking break
271: Z 18: called by office worker
272: U 9: taking break
273: Z 18: going home
274: U 19: break finished
275: U 19: taking break
276: U 12: break finished
277: U 13: break finished
278: U 11: break finished
279: U 1: taking break
280: U 13: taking break
281: U 11: taking break
282: U 27: break finished
283: U 10: break finished
284: Z 12: going home
285: U 22: break finished
286: U 10: taking break
287: U 23: break finished
288: U 22: taking break
289: U 23: taking break
290: U 9: break finished
291: U 6: taking break
292: U 9: taking break
293: U 18: break finished
294: U 21: break finished
295: U 18: taking break
296: U 21: taking break
297: U 19: break finished
298: U 15: break finished
299: U 15: taking break
300: U 17: break finished
301: U 24: break finished
302: U 12: taking break
303: U 17: taking break
304: U 24: taking break
305: U 11: break finished
306: U 27: taking break
307: U 11: taking break
308: U 3: break finished
309: U 16: break finished
310: U 7: break finished
311: U 16: taking break
312: U 10: break finished
313: U 7: taking break
314: Z 6: entering office for a service 1
315: U 5: break finished
316: U 10: serving a service of type 1
317: U 13: break finished
318: U 27: break finished
319: U 25: break finished
320: U 11: break finished
321: U 4: break finished
322: U 16: break finished
323: U 4: taking break
324: U 16: taking break
325: U 23: break finished
326: U 14: service finished
327: U 6: break finished
328: Z 6: called by office worker
329: U 6: taking break
330: U 22: break finished
331: U 1: break finished
332: Z 6: going home
333: U 5: taking break
334: U 24: break finished
335: U 10: service finished
336: U 24: taking break
337: U 19: taking break
338: U 18: break finished
339: U 8: break finished
340: U 18: taking break
341: U 21: break finished
342: U 21: taking break
343: Z 10: entering office for a service 1
344: U 16: break finished
345: U 27: serving a service of type 1
346: U 3: taking break
347: U 6: break finished
348: U 27: service finished
349: U 27: taking break
350: U 23: taking break
351: U 5: break finished
352: U 2: taking break
353: U 5: taking break
354: U 12: break finished
355: U 15: break finished
356: U 12: taking break
357: U 22: taking break
358: U 19: break finished
359: U 26: break finished
360: U 19: taking break
361: U 26: taking break
362: U 13: taking break
363: U 21: break finished
364: U 21: taking break
365: U 25: taking break
366: U 11: taking break
367: U 7: break finished
368: U 27: break finished
369: U 27: taking break
370: U 20: taking break
371: U 1: taking break
372: U 15: taking break
373: U 22: break finished
374: U 8: taking break
375: U 26: break finished
376: U 10: taking break
377: U 17: break finished
378: U 24: break finished
379: U 4: break finished
380: U 9: break finished
381: Z 15: entering office for a service 1
382: Z 10: called by office worker
383: U 23: break finished
384: U 16: serving a service of type 1
385: U 3: break finished
386: U 3: taking break
387: Z 10: going home
388: U 12: break finished
389: U 2: break finished
390: U 6: taking break
391: U 2: taking break
392: U 7: taking break
393: U 14: taking break
394: U 1: break finished
395: U 1: taking break
396: U 19: break finished
397: U 21: break finished
398: U 17: taking break
399: U 21: taking break
400: U 24: taking break
401: U 9: taking break
402: U 25: break finished
403: U 11: break finished
404: U 25: taking break
405: U 23: taking break
406: U 20: break finished
407: U 12: taking break
408: U 20: taking break
409: U 16: service finished
410: U 18: break finished
411: U 16: taking break
412: U 15: break finished
413: U 3: break finished
414: U 3: taking break
415: U 10: break finished
416: U 19: taking break
417: U 4: taking break
418: U 27: break finished
419: U 11: taking break
420: Z 15: called by office worker
421: U 5: break finished
422: U 22: taking break
423: U 24: break finished
424: closing
425: U 13: break finished
426: U 25: break finished
427: U 23: break finished
428: U 23: going home
429: U 8: break finished
430: U 8: going home
431: U 14: break finished
432: U 12: break finished
433: U 16: break finished
434: Z 15: going home
435: U 21: break finished
436: U 3: break finished
437: U 2: break finished
438: U 19: break finished
439: U 2: going home
440: U 20: break finished
441: U 11: break finished
442: U 6: break finished
443: U 6: going home
444: Z 19: going home
445: U 12: going home
446: U 5: going home
447: U 7: break finished
448: U 4: break finished
449: U 3: going home
450: U 17: break finished
451: U 15: going home
452: U 11: going home
453: U 1: break finished
454: U 20: going home
455: U 1: going home
456: U 10: going home
457: U 26: going home
458: U 16: going home
459: U 18: going home
460: U 21: going home
461: U 19: going home
462: U 9: break finished
463: U 13: going home
464: U 9: going home
465: U 24: going home
466: U 4: going home
467: U 14: going home
468: U 17: going home
469: U 27: going home
470: U 22: break finished
471: U 7: going home
472: U 25: going home
473: U 22: going home
